{"/home/tallyto/Área de Trabalho/desing patterns/build-design-pattern/src/fluentSQL.js": {"path":"/home/tallyto/Área de Trabalho/desing patterns/build-design-pattern/src/fluentSQL.js","all":false,"statementMap":{"0":{"start":{"line":1,"column":0},"end":{"line":1,"column":39}},"1":{"start":{"line":2,"column":0},"end":{"line":2,"column":17}},"2":{"start":{"line":3,"column":0},"end":{"line":3,"column":9}},"3":{"start":{"line":4,"column":0},"end":{"line":4,"column":15}},"4":{"start":{"line":5,"column":0},"end":{"line":5,"column":14}},"5":{"start":{"line":6,"column":0},"end":{"line":6,"column":16}},"6":{"start":{"line":7,"column":0},"end":{"line":7,"column":29}},"7":{"start":{"line":8,"column":0},"end":{"line":8,"column":30}},"8":{"start":{"line":9,"column":0},"end":{"line":9,"column":3}},"9":{"start":{"line":10,"column":0},"end":{"line":10,"column":0}},"10":{"start":{"line":11,"column":0},"end":{"line":11,"column":24}},"11":{"start":{"line":12,"column":0},"end":{"line":12,"column":46}},"12":{"start":{"line":13,"column":0},"end":{"line":13,"column":3}},"13":{"start":{"line":14,"column":0},"end":{"line":14,"column":0}},"14":{"start":{"line":15,"column":0},"end":{"line":15,"column":14}},"15":{"start":{"line":16,"column":0},"end":{"line":16,"column":22}},"16":{"start":{"line":17,"column":0},"end":{"line":17,"column":16}},"17":{"start":{"line":18,"column":0},"end":{"line":18,"column":3}},"18":{"start":{"line":19,"column":0},"end":{"line":19,"column":0}},"19":{"start":{"line":20,"column":0},"end":{"line":20,"column":17}},"20":{"start":{"line":21,"column":0},"end":{"line":21,"column":25}},"21":{"start":{"line":22,"column":0},"end":{"line":22,"column":0}},"22":{"start":{"line":23,"column":0},"end":{"line":23,"column":16}},"23":{"start":{"line":24,"column":0},"end":{"line":24,"column":3}},"24":{"start":{"line":25,"column":0},"end":{"line":25,"column":0}},"25":{"start":{"line":26,"column":0},"end":{"line":26,"column":16}},"26":{"start":{"line":27,"column":0},"end":{"line":27,"column":56}},"27":{"start":{"line":28,"column":0},"end":{"line":28,"column":23}},"28":{"start":{"line":29,"column":0},"end":{"line":29,"column":76}},"29":{"start":{"line":30,"column":0},"end":{"line":30,"column":0}},"30":{"start":{"line":31,"column":0},"end":{"line":31,"column":52}},"31":{"start":{"line":32,"column":0},"end":{"line":32,"column":16}},"32":{"start":{"line":33,"column":0},"end":{"line":33,"column":3}},"33":{"start":{"line":34,"column":0},"end":{"line":34,"column":0}},"34":{"start":{"line":35,"column":0},"end":{"line":35,"column":18}},"35":{"start":{"line":36,"column":0},"end":{"line":36,"column":26}},"36":{"start":{"line":37,"column":0},"end":{"line":37,"column":0}},"37":{"start":{"line":38,"column":0},"end":{"line":38,"column":16}},"38":{"start":{"line":39,"column":0},"end":{"line":39,"column":3}},"39":{"start":{"line":40,"column":0},"end":{"line":40,"column":0}},"40":{"start":{"line":41,"column":0},"end":{"line":41,"column":25}},"41":{"start":{"line":42,"column":0},"end":{"line":42,"column":57}},"42":{"start":{"line":43,"column":0},"end":{"line":43,"column":3}},"43":{"start":{"line":44,"column":0},"end":{"line":44,"column":0}},"44":{"start":{"line":45,"column":0},"end":{"line":45,"column":22}},"45":{"start":{"line":46,"column":0},"end":{"line":46,"column":49}},"46":{"start":{"line":47,"column":0},"end":{"line":47,"column":49}},"47":{"start":{"line":48,"column":0},"end":{"line":48,"column":5}},"48":{"start":{"line":49,"column":0},"end":{"line":49,"column":0}},"49":{"start":{"line":50,"column":0},"end":{"line":50,"column":16}},"50":{"start":{"line":51,"column":0},"end":{"line":51,"column":3}},"51":{"start":{"line":52,"column":0},"end":{"line":52,"column":0}},"52":{"start":{"line":53,"column":0},"end":{"line":53,"column":23}},"53":{"start":{"line":54,"column":0},"end":{"line":54,"column":27}},"54":{"start":{"line":55,"column":0},"end":{"line":55,"column":41}},"55":{"start":{"line":56,"column":0},"end":{"line":56,"column":41}},"56":{"start":{"line":57,"column":0},"end":{"line":57,"column":71}},"57":{"start":{"line":58,"column":0},"end":{"line":58,"column":31}},"58":{"start":{"line":59,"column":0},"end":{"line":59,"column":5}},"59":{"start":{"line":60,"column":0},"end":{"line":60,"column":0}},"60":{"start":{"line":61,"column":0},"end":{"line":61,"column":23}},"61":{"start":{"line":62,"column":0},"end":{"line":62,"column":3}},"62":{"start":{"line":63,"column":0},"end":{"line":63,"column":0}},"63":{"start":{"line":64,"column":0},"end":{"line":64,"column":27}},"64":{"start":{"line":65,"column":0},"end":{"line":65,"column":39}},"65":{"start":{"line":66,"column":0},"end":{"line":66,"column":0}},"66":{"start":{"line":67,"column":0},"end":{"line":67,"column":41}},"67":{"start":{"line":68,"column":0},"end":{"line":68,"column":68}},"68":{"start":{"line":69,"column":0},"end":{"line":69,"column":7}},"69":{"start":{"line":70,"column":0},"end":{"line":70,"column":3}},"70":{"start":{"line":71,"column":0},"end":{"line":71,"column":0}},"71":{"start":{"line":72,"column":0},"end":{"line":72,"column":11}},"72":{"start":{"line":73,"column":0},"end":{"line":73,"column":23}},"73":{"start":{"line":74,"column":0},"end":{"line":74,"column":40}},"74":{"start":{"line":75,"column":0},"end":{"line":75,"column":45}},"75":{"start":{"line":76,"column":0},"end":{"line":76,"column":51}},"76":{"start":{"line":77,"column":0},"end":{"line":77,"column":32}},"77":{"start":{"line":78,"column":0},"end":{"line":78,"column":0}},"78":{"start":{"line":79,"column":0},"end":{"line":79,"column":44}},"79":{"start":{"line":80,"column":0},"end":{"line":80,"column":5}},"80":{"start":{"line":81,"column":0},"end":{"line":81,"column":53}},"81":{"start":{"line":82,"column":0},"end":{"line":82,"column":23}},"82":{"start":{"line":83,"column":0},"end":{"line":83,"column":3}},"83":{"start":{"line":84,"column":0},"end":{"line":84,"column":1}}},"s":{"0":1,"1":8,"2":8,"3":8,"4":1,"5":1,"6":7,"7":7,"8":7,"9":1,"10":1,"11":1,"12":2,"13":2,"14":2,"15":2,"16":1,"17":3,"18":3,"19":3,"20":3,"21":3,"22":3,"23":3,"24":3,"25":3,"26":3,"27":3,"28":3,"29":3,"30":1,"31":1,"32":13,"33":13,"34":13,"35":13,"36":1,"37":1,"38":13,"39":1,"40":1,"41":16,"42":16,"43":8,"44":8,"45":1,"46":13,"47":13,"48":13,"49":13,"50":13,"51":13,"52":13,"53":13,"54":39,"55":39,"56":1,"57":6,"58":4,"59":4,"60":6,"61":2,"62":2,"63":2,"64":3,"65":3,"66":1,"67":6,"68":6,"69":16,"70":16,"71":16,"72":16,"73":13,"74":13,"75":16,"76":6,"77":6,"78":6,"79":1,"80":1,"81":1,"82":1,"83":1},"branchMap":{"0":{"type":"branch","line":1,"loc":{"start":{"line":1,"column":0},"end":{"line":1,"column":38}},"locations":[{"start":{"line":1,"column":0},"end":{"line":1,"column":38}}]},"1":{"type":"branch","line":1,"loc":{"start":{"line":1,"column":21},"end":{"line":5,"column":3}},"locations":[{"start":{"line":1,"column":21},"end":{"line":5,"column":3}}]},"2":{"type":"branch","line":6,"loc":{"start":{"line":6,"column":2},"end":{"line":9,"column":3}},"locations":[{"start":{"line":6,"column":2},"end":{"line":9,"column":3}}]},"3":{"type":"branch","line":11,"loc":{"start":{"line":11,"column":12},"end":{"line":12,"column":32}},"locations":[{"start":{"line":11,"column":12},"end":{"line":12,"column":32}}]},"4":{"type":"branch","line":12,"loc":{"start":{"line":12,"column":34},"end":{"line":16,"column":22}},"locations":[{"start":{"line":12,"column":34},"end":{"line":16,"column":22}}]},"5":{"type":"branch","line":17,"loc":{"start":{"line":17,"column":4},"end":{"line":31,"column":9}},"locations":[{"start":{"line":17,"column":4},"end":{"line":31,"column":9}}]},"6":{"type":"branch","line":27,"loc":{"start":{"line":27,"column":18},"end":{"line":27,"column":40}},"locations":[{"start":{"line":27,"column":18},"end":{"line":27,"column":40}}]},"7":{"type":"branch","line":27,"loc":{"start":{"line":27,"column":34},"end":{"line":28,"column":10}},"locations":[{"start":{"line":27,"column":34},"end":{"line":28,"column":10}}]},"8":{"type":"branch","line":31,"loc":{"start":{"line":31,"column":4},"end":{"line":31,"column":9}},"locations":[{"start":{"line":31,"column":4},"end":{"line":31,"column":9}}]},"9":{"type":"branch","line":32,"loc":{"start":{"line":32,"column":4},"end":{"line":39,"column":3}},"locations":[{"start":{"line":32,"column":4},"end":{"line":39,"column":3}}]},"10":{"type":"branch","line":36,"loc":{"start":{"line":36,"column":9},"end":{"line":38,"column":16}},"locations":[{"start":{"line":36,"column":9},"end":{"line":38,"column":16}}]},"11":{"type":"branch","line":41,"loc":{"start":{"line":41,"column":2},"end":{"line":46,"column":40}},"locations":[{"start":{"line":41,"column":2},"end":{"line":46,"column":40}}]},"12":{"type":"branch","line":44,"loc":{"start":{"line":44,"column":-1},"end":{"line":46,"column":35}},"locations":[{"start":{"line":44,"column":-1},"end":{"line":46,"column":35}}]},"13":{"type":"branch","line":46,"loc":{"start":{"line":46,"column":9},"end":{"line":46,"column":25}},"locations":[{"start":{"line":46,"column":9},"end":{"line":46,"column":25}}]},"14":{"type":"branch","line":46,"loc":{"start":{"line":46,"column":25},"end":{"line":46,"column":40}},"locations":[{"start":{"line":46,"column":25},"end":{"line":46,"column":40}}]},"15":{"type":"branch","line":46,"loc":{"start":{"line":46,"column":41},"end":{"line":57,"column":56}},"locations":[{"start":{"line":46,"column":41},"end":{"line":57,"column":56}}]},"16":{"type":"branch","line":54,"loc":{"start":{"line":54,"column":21},"end":{"line":57,"column":23}},"locations":[{"start":{"line":54,"column":21},"end":{"line":57,"column":23}}]},"17":{"type":"branch","line":55,"loc":{"start":{"line":55,"column":26},"end":{"line":56,"column":15}},"locations":[{"start":{"line":55,"column":26},"end":{"line":56,"column":15}}]},"18":{"type":"branch","line":56,"loc":{"start":{"line":56,"column":15},"end":{"line":56,"column":31}},"locations":[{"start":{"line":56,"column":15},"end":{"line":56,"column":31}}]},"19":{"type":"branch","line":56,"loc":{"start":{"line":56,"column":21},"end":{"line":57,"column":23}},"locations":[{"start":{"line":56,"column":21},"end":{"line":57,"column":23}}]},"20":{"type":"branch","line":57,"loc":{"start":{"line":57,"column":47},"end":{"line":67,"column":40}},"locations":[{"start":{"line":57,"column":47},"end":{"line":67,"column":40}}]},"21":{"type":"branch","line":58,"loc":{"start":{"line":58,"column":6},"end":{"line":61,"column":11}},"locations":[{"start":{"line":58,"column":6},"end":{"line":61,"column":11}}]},"22":{"type":"branch","line":61,"loc":{"start":{"line":61,"column":4},"end":{"line":67,"column":40}},"locations":[{"start":{"line":61,"column":4},"end":{"line":67,"column":40}}]},"23":{"type":"branch","line":64,"loc":{"start":{"line":64,"column":2},"end":{"line":67,"column":31}},"locations":[{"start":{"line":64,"column":2},"end":{"line":67,"column":31}}]},"24":{"type":"branch","line":67,"loc":{"start":{"line":67,"column":24},"end":{"line":79,"column":44}},"locations":[{"start":{"line":67,"column":24},"end":{"line":79,"column":44}}]},"25":{"type":"branch","line":69,"loc":{"start":{"line":69,"column":5},"end":{"line":76,"column":51}},"locations":[{"start":{"line":69,"column":5},"end":{"line":76,"column":51}}]},"26":{"type":"branch","line":73,"loc":{"start":{"line":73,"column":10},"end":{"line":73,"column":23}},"locations":[{"start":{"line":73,"column":10},"end":{"line":73,"column":23}}]},"27":{"type":"branch","line":73,"loc":{"start":{"line":73,"column":4},"end":{"line":76,"column":45}},"locations":[{"start":{"line":73,"column":4},"end":{"line":76,"column":45}}]},"28":{"type":"branch","line":76,"loc":{"start":{"line":76,"column":31},"end":{"line":76,"column":45}},"locations":[{"start":{"line":76,"column":31},"end":{"line":76,"column":45}}]}},"b":{"0":[8],"1":[8],"2":[7],"3":[1],"4":[2],"5":[3],"6":[2],"7":[1],"8":[2],"9":[13],"10":[1],"11":[16],"12":[8],"13":[3],"14":[13],"15":[13],"16":[39],"17":[12],"18":[4],"19":[35],"20":[6],"21":[4],"22":[2],"23":[3],"24":[6],"25":[16],"26":[3],"27":[13],"28":[1]},"fnMap":{"0":{"name":"<instance_members_initializer>","decl":{"start":{"line":1,"column":0},"end":{"line":1,"column":38}},"loc":{"start":{"line":1,"column":0},"end":{"line":1,"column":38}},"line":1},"1":{"name":"FluentSQLBuilder","decl":{"start":{"line":1,"column":21},"end":{"line":5,"column":3}},"loc":{"start":{"line":1,"column":21},"end":{"line":5,"column":3}},"line":1},"2":{"name":"for","decl":{"start":{"line":6,"column":2},"end":{"line":9,"column":3}},"loc":{"start":{"line":6,"column":2},"end":{"line":9,"column":3}},"line":6},"3":{"name":"limit","decl":{"start":{"line":11,"column":12},"end":{"line":12,"column":32}},"loc":{"start":{"line":11,"column":12},"end":{"line":12,"column":32}},"line":11},"4":{"name":"select","decl":{"start":{"line":12,"column":34},"end":{"line":16,"column":22}},"loc":{"start":{"line":12,"column":34},"end":{"line":16,"column":22}},"line":12},"5":{"name":"where","decl":{"start":{"line":17,"column":4},"end":{"line":31,"column":9}},"loc":{"start":{"line":17,"column":4},"end":{"line":31,"column":9}},"line":17},"6":{"name":"orderBy","decl":{"start":{"line":31,"column":4},"end":{"line":31,"column":9}},"loc":{"start":{"line":31,"column":4},"end":{"line":31,"column":9}},"line":31},"7":{"name":"performLimit","decl":{"start":{"line":32,"column":4},"end":{"line":39,"column":3}},"loc":{"start":{"line":32,"column":4},"end":{"line":39,"column":3}},"line":32},"8":{"name":"performWhere","decl":{"start":{"line":41,"column":2},"end":{"line":46,"column":40}},"loc":{"start":{"line":41,"column":2},"end":{"line":46,"column":40}},"line":41},"9":{"name":"performSelect","decl":{"start":{"line":46,"column":41},"end":{"line":57,"column":56}},"loc":{"start":{"line":46,"column":41},"end":{"line":57,"column":56}},"line":46},"10":{"name":"performOrderBy","decl":{"start":{"line":57,"column":47},"end":{"line":67,"column":40}},"loc":{"start":{"line":57,"column":47},"end":{"line":67,"column":40}},"line":57},"11":{"name":"build","decl":{"start":{"line":67,"column":24},"end":{"line":79,"column":44}},"loc":{"start":{"line":67,"column":24},"end":{"line":79,"column":44}},"line":67}},"f":{"0":8,"1":8,"2":7,"3":1,"4":2,"5":3,"6":2,"7":13,"8":16,"9":13,"10":6,"11":6}}
}
