TN:
SF:src/fluentSQL.js
FN:1,<instance_members_initializer>
FN:1,FluentSQLBuilder
FN:6,for
FN:11,limit
FN:12,select
FN:17,where
FN:31,orderBy
FN:32,performLimit
FN:41,performWhere
FN:46,performSelect
FN:57,performOrderBy
FN:67,build
FNF:12
FNH:12
FNDA:8,<instance_members_initializer>
FNDA:8,FluentSQLBuilder
FNDA:7,for
FNDA:1,limit
FNDA:2,select
FNDA:3,where
FNDA:2,orderBy
FNDA:13,performLimit
FNDA:16,performWhere
FNDA:13,performSelect
FNDA:6,performOrderBy
FNDA:6,build
DA:1,1
DA:2,8
DA:3,8
DA:4,8
DA:5,1
DA:6,1
DA:7,7
DA:8,7
DA:9,7
DA:10,1
DA:11,1
DA:12,1
DA:13,2
DA:14,2
DA:15,2
DA:16,2
DA:17,1
DA:18,3
DA:19,3
DA:20,3
DA:21,3
DA:22,3
DA:23,3
DA:24,3
DA:25,3
DA:26,3
DA:27,3
DA:28,3
DA:29,3
DA:30,3
DA:31,1
DA:32,1
DA:33,13
DA:34,13
DA:35,13
DA:36,13
DA:37,1
DA:38,1
DA:39,13
DA:40,1
DA:41,1
DA:42,16
DA:43,16
DA:44,8
DA:45,8
DA:46,1
DA:47,13
DA:48,13
DA:49,13
DA:50,13
DA:51,13
DA:52,13
DA:53,13
DA:54,13
DA:55,39
DA:56,39
DA:57,1
DA:58,6
DA:59,4
DA:60,4
DA:61,6
DA:62,2
DA:63,2
DA:64,2
DA:65,3
DA:66,3
DA:67,1
DA:68,6
DA:69,6
DA:70,16
DA:71,16
DA:72,16
DA:73,16
DA:74,13
DA:75,13
DA:76,16
DA:77,6
DA:78,6
DA:79,6
DA:80,1
DA:81,1
DA:82,1
DA:83,1
DA:84,1
LF:84
LH:84
BRDA:1,0,0,8
BRDA:1,1,0,8
BRDA:6,2,0,7
BRDA:11,3,0,1
BRDA:12,4,0,2
BRDA:17,5,0,3
BRDA:27,6,0,2
BRDA:27,7,0,1
BRDA:31,8,0,2
BRDA:32,9,0,13
BRDA:36,10,0,1
BRDA:41,11,0,16
BRDA:44,12,0,8
BRDA:46,13,0,3
BRDA:46,14,0,13
BRDA:46,15,0,13
BRDA:54,16,0,39
BRDA:55,17,0,12
BRDA:56,18,0,4
BRDA:56,19,0,35
BRDA:57,20,0,6
BRDA:58,21,0,4
BRDA:61,22,0,2
BRDA:64,23,0,3
BRDA:67,24,0,6
BRDA:69,25,0,16
BRDA:73,26,0,3
BRDA:73,27,0,13
BRDA:76,28,0,1
BRF:29
BRH:29
end_of_record
